<!DOCTYPE html PUBLIC "-//W3C//DTD XHTML 1.1//EN" "https://www.w3.org/TR/xhtml11/DTD/xhtml11.dtd">
<html xmlns="https://www.w3.org/1999/xhtml">
<head>
<meta http-equiv="content-type" content="text/html; charset=UTF-8"/>
<title>TestNG Report</title>
<style type="text/css">table {margin-bottom:10px;border-collapse:collapse;empty-cells:show}th,td {border:1px solid #009;padding:.25em .5em}th {vertical-align:bottom}td {vertical-align:top}table a {font-weight:bold}.stripe td {background-color: #E6EBF9}.num {text-align:right}.passedodd td {background-color: #3F3}.passedeven td {background-color: #0A0}.skippedodd td {background-color: #DDD}.skippedeven td {background-color: #CCC}.failedodd td,.attn {background-color: #F33}.failedeven td,.stripe .attn {background-color: #D00}.stacktrace {white-space:pre;font-family:monospace}.totop {font-size:85%;text-align:center;border-bottom:2px solid #000}.invisible {display:none}</style>
</head>
<body>
<table>
<tr><th>Test</th><th># Passed</th><th># Skipped</th><th># Retried</th><th># Failed</th><th>Time (ms)</th><th>Included Groups</th><th>Excluded Groups</th></tr>
<tr><th colspan="8">Suite</th></tr>
<tr><td><a href="#t0">Test</a></td><td class="num">0</td><td class="num attn">6</td><td class="num">0</td><td class="num">0</td><td class="num">7,764</td><td></td><td></td></tr>
</table>
<table id='summary'><thead><tr><th>Class</th><th>Method</th><th>Start</th><th>Time (ms)</th></tr></thead><tbody><tr><th colspan="4">Suite</th></tr></tbody><tbody id="t0"><tr><th colspan="4">Test &#8212; failed (configuration methods)</th></tr><tr class="failedeven"><td rowspan="1">testngImplementation.CreateAndDuplicateLeadTest</td><td><a href="#m0">methodSetup</a></td><td rowspan="1">1694008713813</td><td rowspan="1">956</td></tr><tr class="failedodd"><td rowspan="1">testngImplementation.CreateContactWithOrgTest</td><td><a href="#m1">methodSetup</a></td><td rowspan="1">1694008711237</td><td rowspan="1">1488</td></tr><tr class="failedeven"><td rowspan="1">testngImplementation.CreateContactsTest</td><td><a href="#m2">methodSetup</a></td><td rowspan="1">1694008715965</td><td rowspan="1">1054</td></tr><tr class="failedodd"><td rowspan="1">testngImplementation.CreateEventTest</td><td><a href="#m3">methodSetup</a></td><td rowspan="1">1694008714821</td><td rowspan="1">1072</td></tr><tr class="failedeven"><td rowspan="1">testngImplementation.CreateOrganizationTest</td><td><a href="#m4">methodSetup</a></td><td rowspan="1">1694008712818</td><td rowspan="1">924</td></tr><tr class="failedodd"><td rowspan="1">testngImplementation.CreateOrganizationWithIndustryAndTypeTest</td><td><a href="#m5">methodSetup</a></td><td rowspan="1">1694008709982</td><td rowspan="1">1165</td></tr><tr><th colspan="4">Test &#8212; skipped (configuration methods)</th></tr><tr class="skippedeven"><td rowspan="2">testngImplementation.CreateAndDuplicateLeadTest</td><td><a href="#m6">classTeardown</a></td><td rowspan="1">1694008714779</td><td rowspan="1">-1694008714779</td></tr><tr class="skippedeven"><td><a href="#m7">methodTeardown</a></td><td rowspan="1">1694008714777</td><td rowspan="1">-1694008714777</td></tr><tr class="skippedodd"><td rowspan="2">testngImplementation.CreateContactWithOrgTest</td><td><a href="#m8">classTeardown</a></td><td rowspan="1">1694008712736</td><td rowspan="1">-1694008712736</td></tr><tr class="skippedodd"><td><a href="#m9">methodTeardown</a></td><td rowspan="1">1694008712734</td><td rowspan="1">-1694008712734</td></tr><tr class="skippedeven"><td rowspan="2">testngImplementation.CreateContactsTest</td><td><a href="#m10">classTeardown</a></td><td rowspan="1">1694008717031</td><td rowspan="1">-1694008717031</td></tr><tr class="skippedeven"><td><a href="#m11">methodTeardown</a></td><td rowspan="1">1694008717029</td><td rowspan="1">-1694008717029</td></tr><tr class="skippedodd"><td rowspan="2">testngImplementation.CreateEventTest</td><td><a href="#m12">classTeardown</a></td><td rowspan="1">1694008715905</td><td rowspan="1">-1694008715905</td></tr><tr class="skippedodd"><td><a href="#m13">methodTeardown</a></td><td rowspan="1">1694008715903</td><td rowspan="1">-1694008715903</td></tr><tr class="skippedeven"><td rowspan="2">testngImplementation.CreateOrganizationTest</td><td><a href="#m14">classTeardown</a></td><td rowspan="1">1694008713754</td><td rowspan="1">-1694008713754</td></tr><tr class="skippedeven"><td><a href="#m15">methodTeardown</a></td><td rowspan="1">1694008713751</td><td rowspan="1">-1694008713751</td></tr><tr class="skippedodd"><td rowspan="2">testngImplementation.CreateOrganizationWithIndustryAndTypeTest</td><td><a href="#m16">classTeardown</a></td><td rowspan="1">1694008711171</td><td rowspan="1">-1694008711171</td></tr><tr class="skippedodd"><td><a href="#m17">methodTeardown</a></td><td rowspan="1">1694008711169</td><td rowspan="1">-1694008711169</td></tr><tr><th colspan="4">Test &#8212; skipped</th></tr><tr class="skippedeven"><td rowspan="1">testngImplementation.CreateAndDuplicateLeadTest</td><td><a href="#m18">createAndDuplicateLeadTest</a></td><td rowspan="1">1694008714772</td><td rowspan="1">0</td></tr><tr class="skippedodd"><td rowspan="1">testngImplementation.CreateContactWithOrgTest</td><td><a href="#m19">createContactWithOrgTest</a></td><td rowspan="1">1694008712729</td><td rowspan="1">0</td></tr><tr class="skippedeven"><td rowspan="1">testngImplementation.CreateContactsTest</td><td><a href="#m20">createContactTest</a></td><td rowspan="1">1694008717024</td><td rowspan="1">0</td></tr><tr class="skippedodd"><td rowspan="1">testngImplementation.CreateEventTest</td><td><a href="#m21">createEventTest</a></td><td rowspan="1">1694008715897</td><td rowspan="1">0</td></tr><tr class="skippedeven"><td rowspan="1">testngImplementation.CreateOrganizationTest</td><td><a href="#m22">createOrganizationTest</a></td><td rowspan="1">1694008713746</td><td rowspan="1">0</td></tr><tr class="skippedodd"><td rowspan="1">testngImplementation.CreateOrganizationWithIndustryAndTypeTest</td><td><a href="#m23">createOrganizationWithIndustryAndTypeTest</a></td><td rowspan="1">1694008711164</td><td rowspan="1">0</td></tr></tbody>
</table>
<h2>Test</h2><h3 id="m0">testngImplementation.CreateAndDuplicateLeadTest#methodSetup</h3><table class="result"><tr><th>Exception</th></tr><tr><td><div class="stacktrace">java.lang.IllegalStateException: The path to the driver executable The path to the driver executable must be set by the webdriver.chrome.driver system property; for more information, see https://chromedriver.chromium.org/. The latest version can be downloaded from https://chromedriver.chromium.org/downloads
	at org.openqa.selenium.internal.Require$StateChecker.nonNull(Require.java:314)
	at org.openqa.selenium.remote.service.DriverService.findExecutable(DriverService.java:148)
	at org.openqa.selenium.chrome.ChromeDriverService.access$000(ChromeDriverService.java:39)
	at org.openqa.selenium.chrome.ChromeDriverService$Builder.findDefaultExecutable(ChromeDriverService.java:233)
	at org.openqa.selenium.remote.service.DriverService$Builder.build(DriverService.java:455)
	at org.openqa.selenium.chrome.ChromeDriverService.createServiceWithConfig(ChromeDriverService.java:142)
	at org.openqa.selenium.chrome.ChromeDriver.&lt;init&gt;(ChromeDriver.java:70)
	at genericLibraries.WebDriverUtility.launchBrowser(WebDriverUtility.java:45)
	at genericLibraries.WebDriverUtility.openApplication(WebDriverUtility.java:91)
	at genericLibraries.BaseClass.methodSetup(BaseClass.java:67)
	at java.base/java.util.ArrayList.forEach(ArrayList.java:1511)
... Removed 31 stack frames</div></td></tr></table><p class="totop"><a href="#summary">back to summary</a></p>
<h3 id="m1">testngImplementation.CreateContactWithOrgTest#methodSetup</h3><table class="result"><tr><th>Exception</th></tr><tr><td><div class="stacktrace">java.lang.IllegalStateException: The path to the driver executable The path to the driver executable must be set by the webdriver.chrome.driver system property; for more information, see https://chromedriver.chromium.org/. The latest version can be downloaded from https://chromedriver.chromium.org/downloads
	at org.openqa.selenium.internal.Require$StateChecker.nonNull(Require.java:314)
	at org.openqa.selenium.remote.service.DriverService.findExecutable(DriverService.java:148)
	at org.openqa.selenium.chrome.ChromeDriverService.access$000(ChromeDriverService.java:39)
	at org.openqa.selenium.chrome.ChromeDriverService$Builder.findDefaultExecutable(ChromeDriverService.java:233)
	at org.openqa.selenium.remote.service.DriverService$Builder.build(DriverService.java:455)
	at org.openqa.selenium.chrome.ChromeDriverService.createServiceWithConfig(ChromeDriverService.java:142)
	at org.openqa.selenium.chrome.ChromeDriver.&lt;init&gt;(ChromeDriver.java:70)
	at genericLibraries.WebDriverUtility.launchBrowser(WebDriverUtility.java:45)
	at genericLibraries.WebDriverUtility.openApplication(WebDriverUtility.java:91)
	at genericLibraries.BaseClass.methodSetup(BaseClass.java:67)
	at java.base/java.util.ArrayList.forEach(ArrayList.java:1511)
... Removed 31 stack frames</div></td></tr></table><p class="totop"><a href="#summary">back to summary</a></p>
<h3 id="m2">testngImplementation.CreateContactsTest#methodSetup</h3><table class="result"><tr><th>Exception</th></tr><tr><td><div class="stacktrace">java.lang.IllegalStateException: The path to the driver executable The path to the driver executable must be set by the webdriver.chrome.driver system property; for more information, see https://chromedriver.chromium.org/. The latest version can be downloaded from https://chromedriver.chromium.org/downloads
	at org.openqa.selenium.internal.Require$StateChecker.nonNull(Require.java:314)
	at org.openqa.selenium.remote.service.DriverService.findExecutable(DriverService.java:148)
	at org.openqa.selenium.chrome.ChromeDriverService.access$000(ChromeDriverService.java:39)
	at org.openqa.selenium.chrome.ChromeDriverService$Builder.findDefaultExecutable(ChromeDriverService.java:233)
	at org.openqa.selenium.remote.service.DriverService$Builder.build(DriverService.java:455)
	at org.openqa.selenium.chrome.ChromeDriverService.createServiceWithConfig(ChromeDriverService.java:142)
	at org.openqa.selenium.chrome.ChromeDriver.&lt;init&gt;(ChromeDriver.java:70)
	at genericLibraries.WebDriverUtility.launchBrowser(WebDriverUtility.java:45)
	at genericLibraries.WebDriverUtility.openApplication(WebDriverUtility.java:91)
	at genericLibraries.BaseClass.methodSetup(BaseClass.java:67)
	at java.base/java.util.ArrayList.forEach(ArrayList.java:1511)
... Removed 31 stack frames</div></td></tr></table><p class="totop"><a href="#summary">back to summary</a></p>
<h3 id="m3">testngImplementation.CreateEventTest#methodSetup</h3><table class="result"><tr><th>Exception</th></tr><tr><td><div class="stacktrace">java.lang.IllegalStateException: The path to the driver executable The path to the driver executable must be set by the webdriver.chrome.driver system property; for more information, see https://chromedriver.chromium.org/. The latest version can be downloaded from https://chromedriver.chromium.org/downloads
	at org.openqa.selenium.internal.Require$StateChecker.nonNull(Require.java:314)
	at org.openqa.selenium.remote.service.DriverService.findExecutable(DriverService.java:148)
	at org.openqa.selenium.chrome.ChromeDriverService.access$000(ChromeDriverService.java:39)
	at org.openqa.selenium.chrome.ChromeDriverService$Builder.findDefaultExecutable(ChromeDriverService.java:233)
	at org.openqa.selenium.remote.service.DriverService$Builder.build(DriverService.java:455)
	at org.openqa.selenium.chrome.ChromeDriverService.createServiceWithConfig(ChromeDriverService.java:142)
	at org.openqa.selenium.chrome.ChromeDriver.&lt;init&gt;(ChromeDriver.java:70)
	at genericLibraries.WebDriverUtility.launchBrowser(WebDriverUtility.java:45)
	at genericLibraries.WebDriverUtility.openApplication(WebDriverUtility.java:91)
	at genericLibraries.BaseClass.methodSetup(BaseClass.java:67)
	at java.base/java.util.ArrayList.forEach(ArrayList.java:1511)
... Removed 31 stack frames</div></td></tr></table><p class="totop"><a href="#summary">back to summary</a></p>
<h3 id="m4">testngImplementation.CreateOrganizationTest#methodSetup</h3><table class="result"><tr><th>Exception</th></tr><tr><td><div class="stacktrace">java.lang.IllegalStateException: The path to the driver executable The path to the driver executable must be set by the webdriver.chrome.driver system property; for more information, see https://chromedriver.chromium.org/. The latest version can be downloaded from https://chromedriver.chromium.org/downloads
	at org.openqa.selenium.internal.Require$StateChecker.nonNull(Require.java:314)
	at org.openqa.selenium.remote.service.DriverService.findExecutable(DriverService.java:148)
	at org.openqa.selenium.chrome.ChromeDriverService.access$000(ChromeDriverService.java:39)
	at org.openqa.selenium.chrome.ChromeDriverService$Builder.findDefaultExecutable(ChromeDriverService.java:233)
	at org.openqa.selenium.remote.service.DriverService$Builder.build(DriverService.java:455)
	at org.openqa.selenium.chrome.ChromeDriverService.createServiceWithConfig(ChromeDriverService.java:142)
	at org.openqa.selenium.chrome.ChromeDriver.&lt;init&gt;(ChromeDriver.java:70)
	at genericLibraries.WebDriverUtility.launchBrowser(WebDriverUtility.java:45)
	at genericLibraries.WebDriverUtility.openApplication(WebDriverUtility.java:91)
	at genericLibraries.BaseClass.methodSetup(BaseClass.java:67)
	at java.base/java.util.ArrayList.forEach(ArrayList.java:1511)
... Removed 31 stack frames</div></td></tr></table><p class="totop"><a href="#summary">back to summary</a></p>
<h3 id="m5">testngImplementation.CreateOrganizationWithIndustryAndTypeTest#methodSetup</h3><table class="result"><tr><th>Exception</th></tr><tr><td><div class="stacktrace">java.lang.IllegalStateException: The path to the driver executable The path to the driver executable must be set by the webdriver.chrome.driver system property; for more information, see https://chromedriver.chromium.org/. The latest version can be downloaded from https://chromedriver.chromium.org/downloads
	at org.openqa.selenium.internal.Require$StateChecker.nonNull(Require.java:314)
	at org.openqa.selenium.remote.service.DriverService.findExecutable(DriverService.java:148)
	at org.openqa.selenium.chrome.ChromeDriverService.access$000(ChromeDriverService.java:39)
	at org.openqa.selenium.chrome.ChromeDriverService$Builder.findDefaultExecutable(ChromeDriverService.java:233)
	at org.openqa.selenium.remote.service.DriverService$Builder.build(DriverService.java:455)
	at org.openqa.selenium.chrome.ChromeDriverService.createServiceWithConfig(ChromeDriverService.java:142)
	at org.openqa.selenium.chrome.ChromeDriver.&lt;init&gt;(ChromeDriver.java:70)
	at genericLibraries.WebDriverUtility.launchBrowser(WebDriverUtility.java:45)
	at genericLibraries.WebDriverUtility.openApplication(WebDriverUtility.java:91)
	at genericLibraries.BaseClass.methodSetup(BaseClass.java:67)
	at java.base/java.util.ArrayList.forEach(ArrayList.java:1511)
... Removed 31 stack frames</div></td></tr></table><p class="totop"><a href="#summary">back to summary</a></p>
<h3 id="m6">testngImplementation.CreateAndDuplicateLeadTest#classTeardown</h3><table class="result"><tr><th class="invisible"/></tr></table><p class="totop"><a href="#summary">back to summary</a></p>
<h3 id="m7">testngImplementation.CreateAndDuplicateLeadTest#methodTeardown</h3><table class="result"><tr><th class="invisible"/></tr></table><p class="totop"><a href="#summary">back to summary</a></p>
<h3 id="m8">testngImplementation.CreateContactWithOrgTest#classTeardown</h3><table class="result"><tr><th class="invisible"/></tr></table><p class="totop"><a href="#summary">back to summary</a></p>
<h3 id="m9">testngImplementation.CreateContactWithOrgTest#methodTeardown</h3><table class="result"><tr><th class="invisible"/></tr></table><p class="totop"><a href="#summary">back to summary</a></p>
<h3 id="m10">testngImplementation.CreateContactsTest#classTeardown</h3><table class="result"><tr><th class="invisible"/></tr></table><p class="totop"><a href="#summary">back to summary</a></p>
<h3 id="m11">testngImplementation.CreateContactsTest#methodTeardown</h3><table class="result"><tr><th class="invisible"/></tr></table><p class="totop"><a href="#summary">back to summary</a></p>
<h3 id="m12">testngImplementation.CreateEventTest#classTeardown</h3><table class="result"><tr><th class="invisible"/></tr></table><p class="totop"><a href="#summary">back to summary</a></p>
<h3 id="m13">testngImplementation.CreateEventTest#methodTeardown</h3><table class="result"><tr><th class="invisible"/></tr></table><p class="totop"><a href="#summary">back to summary</a></p>
<h3 id="m14">testngImplementation.CreateOrganizationTest#classTeardown</h3><table class="result"><tr><th class="invisible"/></tr></table><p class="totop"><a href="#summary">back to summary</a></p>
<h3 id="m15">testngImplementation.CreateOrganizationTest#methodTeardown</h3><table class="result"><tr><th class="invisible"/></tr></table><p class="totop"><a href="#summary">back to summary</a></p>
<h3 id="m16">testngImplementation.CreateOrganizationWithIndustryAndTypeTest#classTeardown</h3><table class="result"><tr><th class="invisible"/></tr></table><p class="totop"><a href="#summary">back to summary</a></p>
<h3 id="m17">testngImplementation.CreateOrganizationWithIndustryAndTypeTest#methodTeardown</h3><table class="result"><tr><th class="invisible"/></tr></table><p class="totop"><a href="#summary">back to summary</a></p>
<h3 id="m18">testngImplementation.CreateAndDuplicateLeadTest#createAndDuplicateLeadTest</h3><table class="result"><tr><th>Exception</th></tr><tr><td><div class="stacktrace">java.lang.IllegalStateException: The path to the driver executable The path to the driver executable must be set by the webdriver.chrome.driver system property; for more information, see https://chromedriver.chromium.org/. The latest version can be downloaded from https://chromedriver.chromium.org/downloads
	at org.openqa.selenium.internal.Require$StateChecker.nonNull(Require.java:314)
	at org.openqa.selenium.remote.service.DriverService.findExecutable(DriverService.java:148)
	at org.openqa.selenium.chrome.ChromeDriverService.access$000(ChromeDriverService.java:39)
	at org.openqa.selenium.chrome.ChromeDriverService$Builder.findDefaultExecutable(ChromeDriverService.java:233)
	at org.openqa.selenium.remote.service.DriverService$Builder.build(DriverService.java:455)
	at org.openqa.selenium.chrome.ChromeDriverService.createServiceWithConfig(ChromeDriverService.java:142)
	at org.openqa.selenium.chrome.ChromeDriver.&lt;init&gt;(ChromeDriver.java:70)
	at genericLibraries.WebDriverUtility.launchBrowser(WebDriverUtility.java:45)
	at genericLibraries.WebDriverUtility.openApplication(WebDriverUtility.java:91)
	at genericLibraries.BaseClass.methodSetup(BaseClass.java:67)
	at java.base/java.util.ArrayList.forEach(ArrayList.java:1511)
... Removed 31 stack frames</div></td></tr></table><p class="totop"><a href="#summary">back to summary</a></p>
<h3 id="m19">testngImplementation.CreateContactWithOrgTest#createContactWithOrgTest</h3><table class="result"><tr><th>Exception</th></tr><tr><td><div class="stacktrace">java.lang.IllegalStateException: The path to the driver executable The path to the driver executable must be set by the webdriver.chrome.driver system property; for more information, see https://chromedriver.chromium.org/. The latest version can be downloaded from https://chromedriver.chromium.org/downloads
	at org.openqa.selenium.internal.Require$StateChecker.nonNull(Require.java:314)
	at org.openqa.selenium.remote.service.DriverService.findExecutable(DriverService.java:148)
	at org.openqa.selenium.chrome.ChromeDriverService.access$000(ChromeDriverService.java:39)
	at org.openqa.selenium.chrome.ChromeDriverService$Builder.findDefaultExecutable(ChromeDriverService.java:233)
	at org.openqa.selenium.remote.service.DriverService$Builder.build(DriverService.java:455)
	at org.openqa.selenium.chrome.ChromeDriverService.createServiceWithConfig(ChromeDriverService.java:142)
	at org.openqa.selenium.chrome.ChromeDriver.&lt;init&gt;(ChromeDriver.java:70)
	at genericLibraries.WebDriverUtility.launchBrowser(WebDriverUtility.java:45)
	at genericLibraries.WebDriverUtility.openApplication(WebDriverUtility.java:91)
	at genericLibraries.BaseClass.methodSetup(BaseClass.java:67)
	at java.base/java.util.ArrayList.forEach(ArrayList.java:1511)
... Removed 31 stack frames</div></td></tr></table><p class="totop"><a href="#summary">back to summary</a></p>
<h3 id="m20">testngImplementation.CreateContactsTest#createContactTest</h3><table class="result"><tr><th>Exception</th></tr><tr><td><div class="stacktrace">java.lang.IllegalStateException: The path to the driver executable The path to the driver executable must be set by the webdriver.chrome.driver system property; for more information, see https://chromedriver.chromium.org/. The latest version can be downloaded from https://chromedriver.chromium.org/downloads
	at org.openqa.selenium.internal.Require$StateChecker.nonNull(Require.java:314)
	at org.openqa.selenium.remote.service.DriverService.findExecutable(DriverService.java:148)
	at org.openqa.selenium.chrome.ChromeDriverService.access$000(ChromeDriverService.java:39)
	at org.openqa.selenium.chrome.ChromeDriverService$Builder.findDefaultExecutable(ChromeDriverService.java:233)
	at org.openqa.selenium.remote.service.DriverService$Builder.build(DriverService.java:455)
	at org.openqa.selenium.chrome.ChromeDriverService.createServiceWithConfig(ChromeDriverService.java:142)
	at org.openqa.selenium.chrome.ChromeDriver.&lt;init&gt;(ChromeDriver.java:70)
	at genericLibraries.WebDriverUtility.launchBrowser(WebDriverUtility.java:45)
	at genericLibraries.WebDriverUtility.openApplication(WebDriverUtility.java:91)
	at genericLibraries.BaseClass.methodSetup(BaseClass.java:67)
	at java.base/java.util.ArrayList.forEach(ArrayList.java:1511)
... Removed 31 stack frames</div></td></tr></table><p class="totop"><a href="#summary">back to summary</a></p>
<h3 id="m21">testngImplementation.CreateEventTest#createEventTest</h3><table class="result"><tr><th>Exception</th></tr><tr><td><div class="stacktrace">java.lang.IllegalStateException: The path to the driver executable The path to the driver executable must be set by the webdriver.chrome.driver system property; for more information, see https://chromedriver.chromium.org/. The latest version can be downloaded from https://chromedriver.chromium.org/downloads
	at org.openqa.selenium.internal.Require$StateChecker.nonNull(Require.java:314)
	at org.openqa.selenium.remote.service.DriverService.findExecutable(DriverService.java:148)
	at org.openqa.selenium.chrome.ChromeDriverService.access$000(ChromeDriverService.java:39)
	at org.openqa.selenium.chrome.ChromeDriverService$Builder.findDefaultExecutable(ChromeDriverService.java:233)
	at org.openqa.selenium.remote.service.DriverService$Builder.build(DriverService.java:455)
	at org.openqa.selenium.chrome.ChromeDriverService.createServiceWithConfig(ChromeDriverService.java:142)
	at org.openqa.selenium.chrome.ChromeDriver.&lt;init&gt;(ChromeDriver.java:70)
	at genericLibraries.WebDriverUtility.launchBrowser(WebDriverUtility.java:45)
	at genericLibraries.WebDriverUtility.openApplication(WebDriverUtility.java:91)
	at genericLibraries.BaseClass.methodSetup(BaseClass.java:67)
	at java.base/java.util.ArrayList.forEach(ArrayList.java:1511)
... Removed 31 stack frames</div></td></tr></table><p class="totop"><a href="#summary">back to summary</a></p>
<h3 id="m22">testngImplementation.CreateOrganizationTest#createOrganizationTest</h3><table class="result"><tr><th>Exception</th></tr><tr><td><div class="stacktrace">java.lang.IllegalStateException: The path to the driver executable The path to the driver executable must be set by the webdriver.chrome.driver system property; for more information, see https://chromedriver.chromium.org/. The latest version can be downloaded from https://chromedriver.chromium.org/downloads
	at org.openqa.selenium.internal.Require$StateChecker.nonNull(Require.java:314)
	at org.openqa.selenium.remote.service.DriverService.findExecutable(DriverService.java:148)
	at org.openqa.selenium.chrome.ChromeDriverService.access$000(ChromeDriverService.java:39)
	at org.openqa.selenium.chrome.ChromeDriverService$Builder.findDefaultExecutable(ChromeDriverService.java:233)
	at org.openqa.selenium.remote.service.DriverService$Builder.build(DriverService.java:455)
	at org.openqa.selenium.chrome.ChromeDriverService.createServiceWithConfig(ChromeDriverService.java:142)
	at org.openqa.selenium.chrome.ChromeDriver.&lt;init&gt;(ChromeDriver.java:70)
	at genericLibraries.WebDriverUtility.launchBrowser(WebDriverUtility.java:45)
	at genericLibraries.WebDriverUtility.openApplication(WebDriverUtility.java:91)
	at genericLibraries.BaseClass.methodSetup(BaseClass.java:67)
	at java.base/java.util.ArrayList.forEach(ArrayList.java:1511)
... Removed 31 stack frames</div></td></tr></table><p class="totop"><a href="#summary">back to summary</a></p>
<h3 id="m23">testngImplementation.CreateOrganizationWithIndustryAndTypeTest#createOrganizationWithIndustryAndTypeTest</h3><table class="result"><tr><th>Exception</th></tr><tr><td><div class="stacktrace">java.lang.IllegalStateException: The path to the driver executable The path to the driver executable must be set by the webdriver.chrome.driver system property; for more information, see https://chromedriver.chromium.org/. The latest version can be downloaded from https://chromedriver.chromium.org/downloads
	at org.openqa.selenium.internal.Require$StateChecker.nonNull(Require.java:314)
	at org.openqa.selenium.remote.service.DriverService.findExecutable(DriverService.java:148)
	at org.openqa.selenium.chrome.ChromeDriverService.access$000(ChromeDriverService.java:39)
	at org.openqa.selenium.chrome.ChromeDriverService$Builder.findDefaultExecutable(ChromeDriverService.java:233)
	at org.openqa.selenium.remote.service.DriverService$Builder.build(DriverService.java:455)
	at org.openqa.selenium.chrome.ChromeDriverService.createServiceWithConfig(ChromeDriverService.java:142)
	at org.openqa.selenium.chrome.ChromeDriver.&lt;init&gt;(ChromeDriver.java:70)
	at genericLibraries.WebDriverUtility.launchBrowser(WebDriverUtility.java:45)
	at genericLibraries.WebDriverUtility.openApplication(WebDriverUtility.java:91)
	at genericLibraries.BaseClass.methodSetup(BaseClass.java:67)
	at java.base/java.util.ArrayList.forEach(ArrayList.java:1511)
... Removed 31 stack frames</div></td></tr></table><p class="totop"><a href="#summary">back to summary</a></p>
</body>
</html>
